\BOOKMARK [1][-]{section.1}{\376\377\000E\000i\000n\000l\000e\000i\000t\000u\000n\000g\000\040\000u\000n\000d\000\040\000Z\000i\000e\000l\000s\000e\000t\000z\000u\000n\000g}{}% 1
\BOOKMARK [1][-]{section.2}{\376\377\000T\000h\000e\000o\000r\000e\000t\000i\000s\000c\000h\000e\000r\000\040\000H\000i\000n\000t\000e\000r\000g\000r\000u\000n\000d}{}% 2
\BOOKMARK [2][-]{subsection.2.1}{\376\377\000B\000e\000g\000r\000i\000f\000f\000s\000u\000n\000t\000e\000r\000s\000c\000h\000e\000i\000d\000u\000n\000g}{section.2}% 3
\BOOKMARK [2][-]{subsection.2.2}{\376\377\000S\000p\000e\000z\000i\000a\000l\000f\000a\000l\000l\000\040\000P\000l\000a\000n\000c\000k}{section.2}% 4
\BOOKMARK [2][-]{subsection.2.3}{\376\377\000D\000i\000e\000\040\000s\000i\000e\000b\000e\000n\000\040\000A\000x\000i\000o\000m\000e}{section.2}% 5
\BOOKMARK [1][-]{section.3}{\376\377\000M\000e\000t\000h\000o\000d\000i\000k\000\040\000u\000n\000d\000\040\000S\000o\000f\000t\000w\000a\000r\000e\000a\000r\000c\000h\000i\000t\000e\000k\000t\000u\000r}{}% 6
\BOOKMARK [2][-]{subsection.3.1}{\376\377\000M\000o\000n\000t\000e\000-\000C\000a\000r\000l\000o\000-\000R\000e\000s\000o\000n\000a\000n\000z\000a\000n\000a\000l\000y\000s\000e}{section.3}% 7
\BOOKMARK [2][-]{subsection.3.2}{\376\377\000G\000e\000k\000o\000p\000p\000e\000l\000t\000e\000\040\000F\000L\000R\000W\000-\000S\000i\000m\000u\000l\000a\000t\000i\000o\000n\000e\000n}{section.3}% 8
\BOOKMARK [2][-]{subsection.3.3}{\376\377\000R\000e\000s\000o\000n\000a\000n\000z\000r\000e\000a\000k\000t\000o\000r\000-\000S\000i\000m\000u\000l\000a\000t\000i\000o\000n}{section.3}% 9
\BOOKMARK [2][-]{subsection.3.4}{\376\377\000R\000e\000s\000o\000T\000r\000a\000d\000e}{section.3}% 10
\BOOKMARK [1][-]{section.4}{\376\377\000E\000r\000g\000e\000b\000n\000i\000s\000s\000e}{}% 11
\BOOKMARK [2][-]{subsection.4.1}{\376\377\000M\000o\000n\000t\000e\000-\000C\000a\000r\000l\000o\000\040\000a\000u\000f\000\040\000C\000M\000S\000-\000D\000i\000e\000l\000e\000c\000t\000r\000o\000n\000-\000D\000a\000t\000e\000n}{section.4}% 12
\BOOKMARK [2][-]{subsection.4.2}{\376\377\000G\000e\000k\000o\000p\000p\000e\000l\000t\000e\000\040\000F\000L\000R\000W\000-\000S\000i\000m\000u\000l\000a\000t\000i\000o\000n\000e\000n}{section.4}% 13
\BOOKMARK [2][-]{subsection.4.3}{\376\377\000R\000e\000s\000o\000n\000a\000n\000z\000r\000e\000a\000k\000t\000o\000r\000:\000\040\000R\000e\000s\000o\000n\000a\000n\000t\000e\000\040\000T\000r\000a\000n\000s\000m\000u\000t\000a\000t\000i\000o\000n}{section.4}% 14
\BOOKMARK [3][-]{subsubsection.4.3.1}{\376\377\000E\000r\000g\000e\000b\000n\000i\000s\000s\000e\000\040\000\050\000=\000\040\0001\0000\0001\0002\000\040\000/\000\050\000c\000m\0002\000\040\000s\000\051\000,\000\040\000=\000\040\0000\000,\000\040\000=\000\040\0001\000\051\000.}{subsection.4.3}% 15
\BOOKMARK [2][-]{subsection.4.4}{\376\377\000R\000e\000s\000o\000T\000r\000a\000d\000e\000:\000\040\000A\000x\000i\000o\000m\000a\000t\000i\000s\000c\000h\000e\000\040\000V\000a\000l\000i\000d\000i\000e\000r\000u\000n\000g\000\040\000a\000m\000\040\000B\000T\000C\000-\000M\000a\000r\000k\000t}{section.4}% 16
\BOOKMARK [3][-]{subsubsection.4.4.1}{\376\377\000A\000x\000i\000o\000m\000-\000f\000\374\000r\000-\000A\000x\000i\000o\000m\000-\000V\000a\000l\000i\000d\000i\000e\000r\000u\000n\000g\000.}{subsection.4.4}% 17
\BOOKMARK [3][-]{subsubsection.4.4.2}{\376\377\000B\000a\000c\000k\000t\000e\000s\000t\000:\000\040\0002\0004\000\040\000M\000o\000n\000a\000t\000e\000,\000\040\0004\000\040\000M\000a\000r\000k\000t\000r\000e\000g\000i\000m\000e\000.}{subsection.4.4}% 18
\BOOKMARK [3][-]{subsubsection.4.4.3}{\376\377\000L\000i\000v\000e\000-\000V\000a\000l\000i\000d\000i\000e\000r\000u\000n\000g\000\040\000\050\000s\000e\000i\000t\000\040\0002\0005\000.\000\040\000F\000e\000b\000r\000u\000a\000r\000\040\0002\0000\0002\0006\000\051\000.}{subsection.4.4}% 19
\BOOKMARK [3][-]{subsubsection.4.4.4}{\376\377\000F\000a\000l\000s\000i\000f\000i\000k\000a\000t\000i\000o\000n\000s\000t\000e\000s\000t\000:\000\040\000A\000l\000t\000c\000o\000i\000n\000-\000A\000n\000a\000l\000y\000s\000e\000.}{subsection.4.4}% 20
\BOOKMARK [3][-]{subsubsection.4.4.5}{\376\377\000K\000o\000n\000v\000e\000r\000g\000e\000n\000z\000\040\000u\000n\000d\000\040\000S\000t\000a\000b\000i\000l\000i\000t\000\344\000t\000.}{subsection.4.4}% 21
\BOOKMARK [2][-]{subsection.4.5}{\376\377\000D\000y\000n\000a\000m\000i\000s\000c\000h\000e\000\040\000S\000i\000m\000u\000l\000a\000t\000i\000o\000n\000e\000n}{section.4}% 22
\BOOKMARK [1][-]{section.5}{\376\377\000M\000a\000t\000h\000e\000m\000a\000t\000i\000s\000c\000h\000e\000\040\000B\000e\000w\000e\000i\000s\000e}{}% 23
\BOOKMARK [1][-]{section.6}{\376\377\000A\000u\000s\000b\000l\000i\000c\000k\000\040\000u\000n\000d\000\040\000o\000f\000f\000e\000n\000e\000\040\000F\000r\000a\000g\000e\000n}{}% 24
