This is LuaHBTeX, Version 1.22.0 (MiKTeX 25.4) (format=lualatex 2025.6.24)  26 FEB 2026 23:04
 restricted system commands enabled.
**rft_manuskript_de_iop.tex
(./rft_manuskript_de_iop.tex
LaTeX2e <2025-06-01> patch level 1
L3 programming layer <2025-05-26>
Lua module: luaotfload 2024-12-03 v3.29 Lua based OpenType font support
Lua module: lualibs 2023-07-13 v2.76 ConTeXt Lua standard libraries.
Lua module: lualibs-extended 2023-07-13 v2.76 ConTeXt Lua libraries -- extended 
collection.
luaotfload | conf : Root cache directory is "C:/Users/info/AppData/Local/MiKTeX/
luatex-cache/generic/names".
luaotfload | init : Loading fontloader "fontloader-2023-12-28.lua" from kpse-res
olved path "C:/Users/info/AppData/Local/Programs/MiKTeX/tex/luatex/luaotfload/fo
ntloader-2023-12-28.lua".
Lua-only attribute luaotfload@noligature = 1
luaotfload | init : Context OpenType loader version 3.134
Inserting `luaotfload.node_processor' in `pre_linebreak_filter'.
Inserting `luaotfload.node_processor' in `hpack_filter'.
Inserting `luaotfload.glyph_stream' in `glyph_stream_provider'.
Inserting `luaotfload.define_font' in `define_font'.
Lua-only attribute luaotfload_color_attribute = 2
luaotfload | conf : Root cache directory is "C:/Users/info/AppData/Local/MiKTeX/
luatex-cache/generic/names".
Inserting `luaotfload.harf.strip_prefix' in `find_opentype_file'.
Inserting `luaotfload.harf.strip_prefix' in `find_truetype_file'.
Removing  `luaotfload.glyph_stream' from `glyph_stream_provider'.
Inserting `luaotfload.harf.glyphstream' in `glyph_stream_provider'.
Inserting `luaotfload.harf.finalize_vlist' in `post_linebreak_filter'.
Inserting `luaotfload.harf.finalize_hlist' in `hpack_filter'.
Inserting `luaotfload.cleanup_files' in `wrapup_run'.
Inserting `luaotfload.harf.finalize_unicode' in `finish_pdffile'.
Inserting `luaotfload.glyphinfo' in `glyph_info'.
Lua-only attribute luaotfload.letterspace_done = 3
Inserting `luaotfload.aux.set_sscale_dimens' in `luaotfload.patch_font'.
Inserting `luaotfload.aux.set_font_index' in `luaotfload.patch_font'.
Inserting `luaotfload.aux.patch_cambria_domh' in `luaotfload.patch_font'.
Inserting `luaotfload.aux.fixup_fontdata' in `luaotfload.patch_font_unsafe'.
Inserting `luaotfload.aux.set_capheight' in `luaotfload.patch_font'.
Inserting `luaotfload.aux.set_xheight' in `luaotfload.patch_font'.
Inserting `luaotfload.rewrite_fontname' in `luaotfload.patch_font'.
Inserting `tracingstacklevels' in `input_level_string'. (./iopart.cls
Document Class: iopart 1996/06/10 v0.0 IOP Journals LaTeX article class
(./iopart12.clo
File: iopart12.clo 1997/01/15 v1.0 LaTeX2e file (size option)
luaotfload | db : Font names database loaded from C:/Users/info/AppData/Local/Mi
KTeX/luatex-cache/generic/names/luaotfload-names.luc.gz)
\c@jnl=\count273
\c@section=\count274
\c@subsection=\count275
\c@subsubsection=\count276
\c@paragraph=\count277
\c@subparagraph=\count278
\c@figure=\count279
\c@table=\count280
\abovecaptionskip=\skip49
\belowcaptionskip=\skip50
\indentedwidth=\skip51
\mathindent=\dimen147
\c@eqnval=\count281
)
(C:/Users/info/AppData/Local/Programs/MiKTeX/tex/latex/graphics/graphicx.sty
Package: graphicx 2024/12/31 v1.2e Enhanced LaTeX Graphics (DPC,SPQR)

(C:/Users/info/AppData/Local/Programs/MiKTeX/tex/latex/graphics/keyval.sty
Package: keyval 2022/05/29 v1.15 key=value parser (DPC)
\KV@toks@=\toks17
)
(C:/Users/info/AppData/Local/Programs/MiKTeX/tex/latex/graphics/graphics.sty
Package: graphics 2024/08/06 v1.4g Standard LaTeX Graphics (DPC,SPQR)

(C:/Users/info/AppData/Local/Programs/MiKTeX/tex/latex/graphics/trig.sty
Package: trig 2023/12/02 v1.11 sin cos tan (DPC)
)
(C:/Users/info/AppData/Local/Programs/MiKTeX/tex/latex/graphics-cfg/graphics.cf
g
File: graphics.cfg 2016/06/04 v1.11 sample graphics configuration
)
Package graphics Info: Driver file: luatex.def on input line 106.

(C:/Users/info/AppData/Local/Programs/MiKTeX/tex/latex/graphics-def/luatex.def
File: luatex.def 2024/04/13 v1.2e Graphics/color driver for luatex
))
\Gin@req@height=\dimen148
\Gin@req@width=\dimen149
) (C:/Users/info/AppData/Local/Programs/MiKTeX/tex/latex/hyperref/hyperref.sty
Package: hyperref 2025-05-20 v7.01m Hypertext links for LaTeX
(C:/Users/info/AppData/Local/Programs/MiKTeX/tex/generic/iftex/iftex.sty
Package: iftex 2024/12/12 v1.0g TeX engine tests
)
(C:/Users/info/AppData/Local/Programs/MiKTeX/tex/latex/kvsetkeys/kvsetkeys.sty
Package: kvsetkeys 2022-10-05 v1.19 Key value parser (HO)
)
(C:/Users/info/AppData/Local/Programs/MiKTeX/tex/generic/kvdefinekeys/kvdefinek
eys.sty
Package: kvdefinekeys 2019-12-19 v1.6 Define keys (HO)
)
(C:/Users/info/AppData/Local/Programs/MiKTeX/tex/generic/pdfescape/pdfescape.st
y
Package: pdfescape 2019/12/09 v1.15 Implements pdfTeX's escape features (HO)
 (C:/Users/info/AppData/Local/Programs/MiKTeX/tex/generic/ltxcmds/ltxcmds.sty
Package: ltxcmds 2023-12-04 v1.26 LaTeX kernel commands for general use (HO)
)
(C:/Users/info/AppData/Local/Programs/MiKTeX/tex/generic/pdftexcmds/pdftexcmds.
sty
Package: pdftexcmds 2020-06-27 v0.33 Utility functions of pdfTeX for LuaTeX (HO
)

(C:/Users/info/AppData/Local/Programs/MiKTeX/tex/generic/infwarerr/infwarerr.st
y
Package: infwarerr 2019/12/03 v1.5 Providing info/warning/error messages (HO)
)
Package pdftexcmds Info: \pdf@primitive is available.
Package pdftexcmds Info: \pdf@ifprimitive is available.
Package pdftexcmds Info: \pdfdraftmode found.
\pdftexcmds@toks=\toks18
)) (C:/Users/info/AppData/Local/Programs/MiKTeX/tex/latex/hycolor/hycolor.sty
Package: hycolor 2020-01-27 v1.10 Color options for hyperref/bookmark (HO)
) (C:/Users/info/AppData/Local/Programs/MiKTeX/tex/latex/hyperref/nameref.sty
Package: nameref 2023-11-26 v2.56 Cross-referencing by name of section

(C:/Users/info/AppData/Local/Programs/MiKTeX/tex/latex/refcount/refcount.sty
Package: refcount 2019/12/15 v3.6 Data extraction from label references (HO)
)
(C:/Users/info/AppData/Local/Programs/MiKTeX/tex/generic/gettitlestring/gettitl
estring.sty
Package: gettitlestring 2019/12/15 v1.6 Cleanup title references (HO)

(C:/Users/info/AppData/Local/Programs/MiKTeX/tex/latex/kvoptions/kvoptions.sty
Package: kvoptions 2022-06-15 v3.15 Key value format for package options (HO)
))
\c@section@level=\count282
) (C:/Users/info/AppData/Local/Programs/MiKTeX/tex/latex/etoolbox/etoolbox.sty
Package: etoolbox 2025/02/11 v2.5l e-TeX tools for LaTeX (JAW)
\etb@tempcnta=\count283
)
(C:/Users/info/AppData/Local/Programs/MiKTeX/tex/generic/stringenc/stringenc.st
y
Package: stringenc 2019/11/29 v1.12 Convert strings between diff. encodings (HO
)
)
\@linkdim=\dimen150
\Hy@linkcounter=\count284
\Hy@pagecounter=\count285
 (C:/Users/info/AppData/Local/Programs/MiKTeX/tex/latex/hyperref/pd1enc.def
File: pd1enc.def 2025-05-20 v7.01m Hyperref: PDFDocEncoding definition (HO)
)
(C:/Users/info/AppData/Local/Programs/MiKTeX/tex/generic/intcalc/intcalc.sty
Package: intcalc 2019/12/15 v1.3 Expandable calculations with integers (HO)
)
\Hy@SavedSpaceFactor=\count286

(C:/Users/info/AppData/Local/Programs/MiKTeX/tex/latex/hyperref/puenc.def
File: puenc.def 2025-05-20 v7.01m Hyperref: PDF Unicode definition (HO)
)
Package hyperref Info: Hyper figures OFF on input line 4157.
Package hyperref Info: Link nesting OFF on input line 4162.
Package hyperref Info: Hyper index ON on input line 4165.
Package hyperref Info: Plain pages OFF on input line 4172.
Package hyperref Info: Backreferencing OFF on input line 4177.
Package hyperref Info: Implicit mode ON; LaTeX internals redefined.
Package hyperref Info: Bookmarks ON on input line 4424.
\c@Hy@tempcnt=\count287

(C:/Users/info/AppData/Local/Programs/MiKTeX/tex/latex/url/url.sty
\Urlmuskip=\muskip17
Package: url 2013/09/16  ver 3.4  Verb mode for urls, etc.
)
LaTeX Info: Redefining \url on input line 4763.
\XeTeXLinkMargin=\dimen151

(C:/Users/info/AppData/Local/Programs/MiKTeX/tex/generic/bitset/bitset.sty
Package: bitset 2019/12/09 v1.3 Handle bit-vector datatype (HO)

(C:/Users/info/AppData/Local/Programs/MiKTeX/tex/generic/bigintcalc/bigintcalc.
sty
Package: bigintcalc 2019/12/15 v1.5 Expandable calculations on big integers (HO
)
))
\Fld@menulength=\count288
\Field@Width=\dimen152
\Fld@charsize=\dimen153
Package hyperref Info: Hyper figures OFF on input line 6042.
Package hyperref Info: Link nesting OFF on input line 6047.
Package hyperref Info: Hyper index ON on input line 6050.
Package hyperref Info: backreferencing OFF on input line 6057.
Package hyperref Info: Link coloring OFF on input line 6062.
Package hyperref Info: Link coloring with OCG OFF on input line 6067.
Package hyperref Info: PDF/A mode OFF on input line 6072.

(C:/Users/info/AppData/Local/Programs/MiKTeX/tex/latex/base/atbegshi-ltx.sty
Package: atbegshi-ltx 2021/01/10 v1.0c Emulation of the original atbegshi
package with kernel methods
)
\Hy@abspage=\count289
\c@Item=\count290
\c@Hfootnote=\count291
)
Package hyperref Info: Driver (autodetected): hluatex.

(C:/Users/info/AppData/Local/Programs/MiKTeX/tex/latex/hyperref/hluatex.def
File: hluatex.def 2025-05-20 v7.01m Hyperref driver for luaTeX

(C:/Users/info/AppData/Local/Programs/MiKTeX/tex/latex/base/atveryend-ltx.sty
Package: atveryend-ltx 2020/08/19 v1.0a Emulation of the original atveryend pac
kage
with kernel methods
)
\Fld@listcount=\count292
\c@bookmark@seq@number=\count293

(C:/Users/info/AppData/Local/Programs/MiKTeX/tex/latex/rerunfilecheck/rerunfile
check.sty
Package: rerunfilecheck 2022-07-10 v1.10 Rerun checks for auxiliary files (HO)

(C:/Users/info/AppData/Local/Programs/MiKTeX/tex/generic/uniquecounter/uniqueco
unter.sty
Package: uniquecounter 2019/12/15 v1.4 Provide unlimited unique counter (HO)
)
Package uniquecounter Info: New unique counter `rerunfilecheck' on input line 2
85.
)
\Hy@SectionHShift=\skip52
)
(C:/Users/info/AppData/Local/Programs/MiKTeX/tex/latex/cite/cite.sty
LaTeX Info: Redefining \cite on input line 302.
LaTeX Info: Redefining \nocite on input line 332.
Package: cite 2015/02/27  v 5.5
)
(C:/Users/info/AppData/Local/Programs/MiKTeX/tex/latex/booktabs/booktabs.sty
Package: booktabs 2020/01/12 v1.61803398 Publication quality tables
\heavyrulewidth=\dimen154
\lightrulewidth=\dimen155
\cmidrulewidth=\dimen156
\belowrulesep=\dimen157
\belowbottomsep=\dimen158
\aboverulesep=\dimen159
\abovetopsep=\dimen160
\cmidrulesep=\dimen161
\cmidrulekern=\dimen162
\defaultaddspace=\dimen163
\@cmidla=\count294
\@cmidlb=\count295
\@aboverulesep=\dimen164
\@belowrulesep=\dimen165
\@thisruleclass=\count296
\@lastruleclass=\count297
\@thisrulewidth=\dimen166
)
(C:/Users/info/AppData/Local/Programs/MiKTeX/tex/latex/qrcode/qrcode.sty
Package: qrcode 2015/01/08 v1.51 QR code generation

(C:/Users/info/AppData/Local/Programs/MiKTeX/tex/latex/xcolor/xcolor.sty
Package: xcolor 2024/09/29 v3.02 LaTeX color extensions (UK)

(C:/Users/info/AppData/Local/Programs/MiKTeX/tex/latex/graphics-cfg/color.cfg
File: color.cfg 2016/01/02 v1.6 sample color configuration
)
Package xcolor Info: Driver file: luatex.def on input line 274.

(C:/Users/info/AppData/Local/Programs/MiKTeX/tex/latex/graphics/mathcolor.ltx)
Package xcolor Info: Model `cmy' substituted by `cmy0' on input line 1349.
Package xcolor Info: Model `hsb' substituted by `rgb' on input line 1353.
Package xcolor Info: Model `RGB' extended on input line 1365.
Package xcolor Info: Model `HTML' substituted by `rgb' on input line 1367.
Package xcolor Info: Model `Hsb' substituted by `hsb' on input line 1368.
Package xcolor Info: Model `tHsb' substituted by `hsb' on input line 1369.
Package xcolor Info: Model `HSB' substituted by `hsb' on input line 1370.
Package xcolor Info: Model `Gray' substituted by `gray' on input line 1371.
Package xcolor Info: Model `wave' substituted by `hsb' on input line 1372.
) (C:/Users/info/AppData/Local/Programs/MiKTeX/tex/latex/xkeyval/xkeyval.sty
Package: xkeyval 2022/06/16 v2.9 package option processing (HA)

(C:/Users/info/AppData/Local/Programs/MiKTeX/tex/generic/xkeyval/xkeyval.tex
(C:/Users/info/AppData/Local/Programs/MiKTeX/tex/generic/xkeyval/xkvutils.tex
\XKV@toks=\toks19
\XKV@tempa@toks=\toks20
)
\XKV@depth=\count298
File: xkeyval.tex 2014/12/03 v2.7a key=value parser (HA)
))
\c@qr@i=\count299
\c@qr@j=\count300
\qr@a=\count301
\qr@b=\count302
\qr@c=\count303
\qr@for@depth=\count304
\qr@for@maxdepth=\count305
\qr@for@start=\count306
\qr@for@end=\count307
\qr@for@step=\count308
\qr@newforcount=\count309
\qr@newforcount=\count310
\qr@desiredheight=\skip53
\qr@modulesize=\skip54
\qr@minipagewidth=\skip55
\c@maski=\count311
\c@maskj=\count312
\c@totalones=\count313
\c@penaltyi=\count314
\c@penaltyii=\count315
\c@penaltyiii=\count316
\c@penaltyiv=\count317
\c@qr@hexchars=\count318
\qr@newforcount=\count319
\c@qr@divisionsremaining=\count320
) (C:/Users/info/AppData/Local/Programs/MiKTeX/tex/latex/amsfonts/amssymb.sty
Package: amssymb 2013/01/14 v3.01 AMS font symbols

(C:/Users/info/AppData/Local/Programs/MiKTeX/tex/latex/amsfonts/amsfonts.sty
Package: amsfonts 2013/01/14 v3.01 Basic AMSFonts support
\@emptytoks=\toks21
\symAMSa=\mathgroup4
\symAMSb=\mathgroup5
LaTeX Font Info:    Redeclaring math symbol \hbar on input line 98.
LaTeX Font Info:    Overwriting math alphabet `\mathfrak' in version `bold'
(Font)                  U/euf/m/n --> U/euf/b/n on input line 106.
))
(C:/Users/info/AppData/Local/Programs/MiKTeX/tex/latex/l3backend/l3backend-luat
ex.def
File: l3backend-luatex.def 2025-04-14 L3 backend support: PDF output (LuaTeX)
\l__color_backend_stack_int=\count321
Inserting `l3color' in `luaotfload.parse_color'.) (./rft_manuskript_de_iop.aux
<Reading QR code for "https://github.com/DominicReneSchu/public" at level 3-M f
rom aux file.>
)
\openout1 = rft_manuskript_de_iop.aux

LaTeX Font Info:    Checking defaults for OML/cmm/m/it on input line 12.
LaTeX Font Info:    ... okay on input line 12.
LaTeX Font Info:    Checking defaults for OMS/cmsy/m/n on input line 12.
LaTeX Font Info:    ... okay on input line 12.
LaTeX Font Info:    Checking defaults for OT1/cmr/m/n on input line 12.
LaTeX Font Info:    ... okay on input line 12.
LaTeX Font Info:    Checking defaults for T1/cmr/m/n on input line 12.
LaTeX Font Info:    ... okay on input line 12.
LaTeX Font Info:    Checking defaults for TS1/cmr/m/n on input line 12.
LaTeX Font Info:    ... okay on input line 12.
LaTeX Font Info:    Checking defaults for TU/lmr/m/n on input line 12.
LaTeX Font Info:    ... okay on input line 12.
LaTeX Font Info:    Checking defaults for OMX/cmex/m/n on input line 12.
LaTeX Font Info:    ... okay on input line 12.
LaTeX Font Info:    Checking defaults for U/cmr/m/n on input line 12.
LaTeX Font Info:    ... okay on input line 12.
LaTeX Font Info:    Checking defaults for PD1/pdf/m/n on input line 12.
LaTeX Font Info:    ... okay on input line 12.
LaTeX Font Info:    Checking defaults for PU/pdf/m/n on input line 12.
LaTeX Font Info:    ... okay on input line 12.

(C:/Users/info/AppData/Local/Programs/MiKTeX/tex/context/base/mkii/supp-pdf.mki
i
[Loading MPS to PDF converter (version 2006.09.02).]
\scratchcounter=\count322
\scratchdimen=\dimen167
\scratchbox=\box53
\nofMPsegments=\count323
\nofMParguments=\count324
\everyMPshowfont=\toks22
\MPscratchCnt=\count325
\MPscratchDim=\dimen168
\MPnumerator=\count326
\makeMPintoPDFobject=\count327
\everyMPtoPDFconversion=\toks23
)
(C:/Users/info/AppData/Local/Programs/MiKTeX/tex/latex/epstopdf-pkg/epstopdf-ba
se.sty
Package: epstopdf-base 2020-01-24 v2.11 Base part for package epstopdf
Package epstopdf-base Info: Redefining graphics rule for `.eps' on input line 4
85.

(C:/Users/info/AppData/Local/Programs/MiKTeX/tex/latex/00miktex/epstopdf-sys.cf
g
File: epstopdf-sys.cfg 2021/03/18 v2.0 Configuration of epstopdf for MiKTeX
))
Package hyperref Info: Link coloring OFF on input line 12.
 (./rft_manuskript_de_iop.out) (./rft_manuskript_de_iop.out)
\@outlinefile=\write3

\openout3 = rft_manuskript_de_iop.out
LaTeX Font Info:    Trying to load font information for U+msa on input line 30.


(C:/Users/info/AppData/Local/Programs/MiKTeX/tex/latex/amsfonts/umsa.fd
File: umsa.fd 2013/01/14 v3.01 AMS symbols A
)
LaTeX Font Info:    Trying to load font information for U+msb on input line 30.


(C:/Users/info/AppData/Local/Programs/MiKTeX/tex/latex/amsfonts/umsb.fd
File: umsb.fd 2013/01/14 v3.01 AMS symbols B
)
Underfull \hbox (badness 1226) in paragraph at lines 65--73
\TU/lmr/m/n/12 cher Sys-teme pos-tuliert. Die RFT for-muliert sieben Ax-iome, au
s de-nen eine
 []


Underfull \hbox (badness 3428) in paragraph at lines 74--79
[]\TU/lmr/m/n/12 Im Un-ter-schied zu beste-hen-den An-sätzen zielt die RFT nich
t auf eine
 []



[1

{C:/Users/info/AppData/Local/MiKTeX/fonts/map/pdftex/pdftex.map}]
Underfull \hbox (badness 1810) in paragraph at lines 92--96
\TU/lmr/m/n/12 Die RFT basiert auf sieben hi-er-ar-chisch aufge-bauten Ax-iomen.
 Die Ax-iome
 []


Underfull \hbox (badness 1668) in paragraph at lines 92--96
\TU/lmr/m/n/12 sind nicht un-ab-hängig, son-dern kon-sti-tu-tiv ver-schränkt: A1--A3 definieren die
 []


Underfull \hbox (badness 1635) in paragraph at lines 141--145
\TU/lmr/m/n/12 mit dem phasen-ab-hängi-gen Kop-plung-sop-er-a-tor $\OML/cmm/m/
it/12 "\OT1/cmr/m/n/12 (\OML/cmm/m/it/12 '\OT1/cmr/m/n/12 ) \OMS/cmsy/m/n/12 2 \OT1/cmr/m/n/12 [0\OML/cmm/m/it/12 ; \OT1/cmr/m/n/12 1]$\TU/lmr/m/n/12 , wobei $\OT1/cmr/m/n/12 \OML/cmm/m/it/12 '$ \TU/lmr/m/n/12 die
 []



[2]
Underfull \hbox (badness 1721) in paragraph at lines 219--225
\TU/lmr/m/n/12 Die zen-trale Gle-ichung ([]4[]) er-weit-ert die Planck-Relation $\OML/cmm/m/it/12 E \OT1/cmr/m/n/12 = \U/msb/m/n/12 ~\OML/cmm/m/it/12 !$ \TU/lmr/m/n/12 um einen
 []



[3]
Underfull \hbox (badness 2970) in paragraph at lines 239--242
\TU/lmr/m/n/12 Die RFT vere-in-heitlicht klas-sis-che Dif-fer-en-tial-gle-ichun-
gen als Spezialfälle einer
 []


Underfull \hbox (badness 1242) in paragraph at lines 271--276
\TU/lmr/m/n/12 Die binäre Res-o-nanzre-la-tion $\OML/cmm/m/it/12 R \OMS/cmsy/m
/n/12  G  G$ \TU/lmr/m/n/12 ist eine Äquiv-alen-zre-la-tion (re-flexiv,
 []



[4]
<figures/hist_mc_vs_real_hits.png, id=148, 1292.9103pt x 715.473pt>
File: figures/hist_mc_vs_real_hits.png Graphic file (type png)
<use figures/hist_mc_vs_real_hits.png>
Package luatex.def Info: figures/hist_mc_vs_real_hits.png  used on input line 3
63.
(luatex.def)             Requested size: 312.4786pt x 172.91792pt.
<figures/pvalue_curves.png, id=149, 1292.9103pt x 715.473pt>
File: figures/pvalue_curves.png Graphic file (type png)
<use figures/pvalue_curves.png>
Package luatex.def Info: figures/pvalue_curves.png  used on input line 373.
(luatex.def)             Requested size: 312.4786pt x 172.91792pt.
<figures/heatmaps_hits.png, id=150, 1190.2869pt x 427.8384pt>
File: figures/heatmaps_hits.png Graphic file (type png)
<use figures/heatmaps_hits.png>
Package luatex.def Info: figures/heatmaps_hits.png  used on input line 384.
(luatex.def)             Requested size: 312.4786pt x 112.31252pt.


[5<./figures/hist_mc_vs_real_hits.png>]
Underfull \hbox (badness 1642) in paragraph at lines 427--432
[]\TU/lmr/m/n/12 Kein klas-sis-cher In-dika-tor (RSI, MACD, Bollinger) er-re-ich
t auf dem-sel-ben
 []



[6<./figures/pvalue_curves.png><./figures/heatmaps_hits.png>]
Underfull \hbox (badness 3029) in paragraph at lines 487--490
[]\TU/lmr/bx/n/12 Neue Vorher-sagen: \TU/lmr/m/n/12 Die RFT muss eine bisher un-
bekan-nte Res-o-nanz
 []



[7]
Underfull \hbox (badness 1038) in paragraph at lines 524--530
[]\TU/lmr/m/n/12 Die Monte-Carlo-Simulation de-tek-tiert vier bekan-nte Teilchen
-res-o-nanzen mit
 []


Underfull \hbox (badness 1436) in paragraph at lines 524--530
\TU/lmr/m/n/12 em-pirischem p-Wert $\OT1/cmr/m/n/12 = 0$\TU/lmr/m/n/12 . Re-so-T
rade über-trifft HODL in vier Mark-treg-i-men
 []




<QR code requested for "https://github.com/DominicReneSchu/public" in version 0
-M.>

<Copying the QR code for "https://github.com/DominicReneSchu/public" in version
 3-M as previously calculated.>


[8] (./rft_manuskript_de_iop.aux
<Reading QR code for "https://github.com/DominicReneSchu/public" at level 3-M f
rom aux file.>
)
 ***********
LaTeX2e <2025-06-01> patch level 1
L3 programming layer <2025-05-26>
 ***********
Package rerunfilecheck Info: File `rft_manuskript_de_iop.out' has not changed.
(rerunfilecheck)             Checksum: 422139D10B35FB16085CEC96DCA04063;4368.
)

Here is how much of LuaTeX's memory you used:
 11951 strings out of 470203
 125009,662416 words of node,token memory allocated
 446 words of node memory still in use:
   3 hlist, 1 vlist, 1 rule, 2 glue, 3 kern, 1 glyph, 5 attribute, 54 glue_spec,
 5 attribute_list, 1 write, 1 pdf_action nodes
   avail lists: 2:2144,3:253,4:52,5:475,6:121,7:7946,8:73,9:5376,10:21,11:659
 40027 multiletter control sequences out of 65536+600000
 67 fonts using 4634695 bytes
 72i,12n,75p,950b,433s stack positions out of 10000i,1000n,20000p,200000b,200000s
<c:/users/info/appdata/local/programs/miktex/fonts/opentype/public/lm/lmroman10-
italic.otf><c:/users/info/appdata/local/programs/miktex/fonts/opentype/public/lm
/lmroman12-italic.otf><c:/users/info/appdata/local/programs/miktex/fonts/opentyp
e/public/lm/lmmono12-regular.otf><c:/users/info/appdata/local/programs/miktex/fo
nts/opentype/public/lm/lmroman12-regular.otf><c:/users/info/appdata/local/progra
ms/miktex/fonts/opentype/public/lm/lmmono10-regular.otf><c:/users/info/appdata/l
ocal/programs/miktex/fonts/opentype/public/lm/lmroman10-bold.otf><c:/users/info/
appdata/local/programs/miktex/fonts/opentype/public/lm/lmroman10-regular.otf><c:
/users/info/appdata/local/programs/miktex/fonts/opentype/public/lm/lmroman12-bol
d.otf><C:/Users/info/AppData/Local/Programs/MiKTeX/fonts/type1/public/amsfonts/c
m/cmbx12.pfb><C:/Users/info/AppData/Local/Programs/MiKTeX/fonts/type1/public/ams
fonts/cm/cmex10.pfb><C:/Users/info/AppData/Local/Programs/MiKTeX/fonts/type1/pub
lic/amsfonts/cm/cmmi10.pfb><C:/Users/info/AppData/Local/Programs/MiKTeX/fonts/ty
pe1/public/amsfonts/cm/cmmi12.pfb><C:/Users/info/AppData/Local/Programs/MiKTeX/f
onts/type1/public/amsfonts/cm/cmmi8.pfb><C:/Users/info/AppData/Local/Programs/Mi
KTeX/fonts/type1/public/amsfonts/cm/cmr10.pfb><C:/Users/info/AppData/Local/Progr
ams/MiKTeX/fonts/type1/public/amsfonts/cm/cmr12.pfb><C:/Users/info/AppData/Local
/Programs/MiKTeX/fonts/type1/public/amsfonts/cm/cmr7.pfb><C:/Users/info/AppData/
Local/Programs/MiKTeX/fonts/type1/public/amsfonts/cm/cmr8.pfb><C:/Users/info/App
Data/Local/Programs/MiKTeX/fonts/type1/public/amsfonts/cm/cmsy10.pfb><C:/Users/i
nfo/AppData/Local/Programs/MiKTeX/fonts/type1/public/amsfonts/cm/cmsy8.pfb><C:/U
sers/info/AppData/Local/Programs/MiKTeX/fonts/type1/public/amsfonts/symbols/msam
10.pfb><C:/Users/info/AppData/Local/Programs/MiKTeX/fonts/type1/public/amsfonts/
symbols/msbm10.pfb>
Output written on rft_manuskript_de_iop.pdf (8 pages, 389625 bytes).

PDF statistics: 296 PDF objects out of 1000 (max. 8388607)
 60 named destinations out of 1000 (max. 131072)
 177 words of extra memory for PDF output out of 10000 (max. 100000000)

