\BOOKMARK [1][-]{section.1}{\376\377\000E\000i\000n\000l\000e\000i\000t\000u\000n\000g}{}% 1
\BOOKMARK [1][-]{section.2}{\376\377\000A\000x\000i\000o\000m\000a\000t\000i\000s\000c\000h\000e\000\040\000G\000r\000u\000n\000d\000l\000a\000g\000e\000n}{}% 2
\BOOKMARK [2][-]{subsection.2.1}{\376\377\000A\000x\000i\000o\000m\000\040\0001\000:\000\040\000U\000n\000i\000v\000e\000r\000s\000e\000l\000l\000e\000\040\000S\000c\000h\000w\000i\000n\000g\000u\000n\000g}{section.2}% 3
\BOOKMARK [2][-]{subsection.2.2}{\376\377\000A\000x\000i\000o\000m\000\040\0002\000:\000\040\000S\000u\000p\000e\000r\000p\000o\000s\000i\000t\000i\000o\000n\000\040\000u\000n\000d\000\040\000I\000n\000t\000e\000r\000f\000e\000r\000e\000n\000z}{section.2}% 4
\BOOKMARK [2][-]{subsection.2.3}{\376\377\000A\000x\000i\000o\000m\000\040\0003\000:\000\040\000R\000e\000s\000o\000n\000a\000n\000z\000b\000e\000d\000i\000n\000g\000u\000n\000g}{section.2}% 5
\BOOKMARK [2][-]{subsection.2.4}{\376\377\000A\000x\000i\000o\000m\000\040\0004\000:\000\040\000K\000o\000p\000p\000l\000u\000n\000g\000s\000e\000n\000e\000r\000g\000i\000e}{section.2}% 6
\BOOKMARK [2][-]{subsection.2.5}{\376\377\000A\000x\000i\000o\000m\000\040\0005\000:\000\040\000E\000n\000e\000r\000g\000i\000e\000r\000i\000c\000h\000t\000u\000n\000g}{section.2}% 7
\BOOKMARK [2][-]{subsection.2.6}{\376\377\000A\000x\000i\000o\000m\000\040\0006\000:\000\040\000I\000n\000f\000o\000r\000m\000a\000t\000i\000o\000n\000s\000f\000l\000u\000s\000s\000\040\000d\000u\000r\000c\000h\000\040\000R\000e\000s\000o\000n\000a\000n\000z\000k\000o\000p\000p\000l\000u\000n\000g}{section.2}% 8
\BOOKMARK [2][-]{subsection.2.7}{\376\377\000A\000x\000i\000o\000m\000\040\0007\000:\000\040\000I\000n\000v\000a\000r\000i\000a\000n\000z}{section.2}% 9
\BOOKMARK [1][-]{section.3}{\376\377\000M\000a\000t\000h\000e\000m\000a\000t\000i\000s\000c\000h\000e\000\040\000F\000o\000r\000m\000u\000l\000i\000e\000r\000u\000n\000g}{}% 10
\BOOKMARK [2][-]{subsection.3.1}{\376\377\000G\000r\000u\000n\000d\000f\000o\000r\000m\000e\000l\000\040\000u\000n\000d\000\040\000K\000o\000p\000p\000l\000u\000n\000g\000s\000o\000p\000e\000r\000a\000t\000o\000r}{section.3}% 11
\BOOKMARK [2][-]{subsection.3.2}{\376\377\000R\000e\000s\000o\000n\000a\000n\000z\000-\000D\000i\000f\000f\000e\000r\000e\000n\000t\000i\000a\000l\000g\000l\000e\000i\000c\000h\000u\000n\000g\000\040\000\050\000r\000D\000G\000L\000\051}{section.3}% 12
\BOOKMARK [2][-]{subsection.3.3}{\376\377\000R\000e\000s\000o\000n\000a\000n\000z\000r\000e\000l\000a\000t\000i\000o\000n\000\040\000u\000n\000d\000\040\000F\000e\000l\000d\000k\000l\000a\000s\000s\000e\000n}{section.3}% 13
\BOOKMARK [2][-]{subsection.3.4}{\376\377\000Z\000u\000s\000t\000a\000n\000d\000s\000e\000n\000t\000w\000i\000c\000k\000l\000u\000n\000g}{section.3}% 14
\BOOKMARK [1][-]{section.4}{\376\377\000E\000m\000p\000i\000r\000i\000s\000c\000h\000e\000\040\000V\000a\000l\000i\000d\000i\000e\000r\000u\000n\000g}{}% 15
\BOOKMARK [2][-]{subsection.4.1}{\376\377\000M\000o\000n\000t\000e\000-\000C\000a\000r\000l\000o\000-\000S\000i\000m\000u\000l\000a\000t\000i\000o\000n\000\040\000a\000u\000f\000\040\000C\000M\000S\000-\000D\000i\000e\000l\000e\000c\000t\000r\000o\000n\000-\000D\000a\000t\000e\000n}{section.4}% 16
\BOOKMARK [3][-]{subsubsection.4.1.1}{\376\377\000D\000a\000t\000e\000n\000s\000a\000t\000z\000\040\000u\000n\000d\000\040\000M\000e\000t\000h\000o\000d\000i\000k\000.}{subsection.4.1}% 17
\BOOKMARK [3][-]{table.1}{\376\377\000E\000r\000g\000e\000b\000n\000i\000s\000s\000e\000.}{subsection.4.1}% 18
\BOOKMARK [2][-]{subsection.4.2}{\376\377\000R\000e\000s\000o\000T\000r\000a\000d\000e\000:\000\040\000R\000e\000s\000o\000n\000a\000n\000z\000f\000e\000l\000d\000t\000h\000e\000o\000r\000i\000e\000\040\000i\000m\000\040\000B\000T\000C\000-\000M\000a\000r\000k\000t}{section.4}% 19
\BOOKMARK [2][-]{subsection.4.3}{\376\377\000G\000e\000k\000o\000p\000p\000e\000l\000t\000e\000\040\000F\000L\000R\000W\000-\000S\000i\000m\000u\000l\000a\000t\000i\000o\000n\000:\000\040\000K\000o\000s\000m\000o\000l\000o\000g\000i\000s\000c\000h\000e\000\040\000V\000a\000l\000i\000d\000i\000e\000r\000u\000n\000g}{section.4}% 20
\BOOKMARK [3][-]{subsubsection.4.3.1}{\376\377\000M\000e\000t\000h\000o\000d\000i\000k\000.}{subsection.4.3}% 21
\BOOKMARK [3][-]{subsubsection.4.3.2}{\376\377\000S\000t\000u\000f\000e\000\040\0005\000:\000\040\000F\000a\000l\000s\000i\000f\000i\000z\000i\000e\000r\000b\000a\000r\000e\000\040\000V\000o\000r\000h\000e\000r\000s\000a\000g\000e\000.}{subsection.4.3}% 22
\BOOKMARK [3][-]{subsubsection.4.3.3}{\376\377\000S\000t\000u\000f\000e\000\040\0006\000a\000:\000\040\000K\000o\000s\000m\000o\000l\000o\000g\000i\000s\000c\000h\000e\000\040\000S\000k\000a\000l\000i\000e\000r\000u\000n\000g\000.}{subsection.4.3}% 23
\BOOKMARK [3][-]{subsubsection.4.3.4}{\376\377\000S\000t\000u\000f\000e\000\040\0006\000b\000:\000\040\000V\000e\000r\000g\000l\000e\000i\000c\000h\000\040\000m\000i\000t\000\040\000P\000l\000a\000n\000c\000k\000-\0002\0000\0001\0008\000-\000C\000M\000B\000-\000D\000a\000t\000e\000n\000.}{subsection.4.3}% 24
\BOOKMARK [1][-]{section.5}{\376\377\000V\000e\000r\000g\000l\000e\000i\000c\000h\000\040\000m\000i\000t\000\040\000e\000t\000a\000b\000l\000i\000e\000r\000t\000e\000n\000\040\000T\000h\000e\000o\000r\000i\000e\000n}{}% 25
\BOOKMARK [1][-]{section.6}{\376\377\000O\000f\000f\000e\000n\000e\000\040\000F\000r\000a\000g\000e\000n\000\040\000u\000n\000d\000\040\000A\000u\000s\000b\000l\000i\000c\000k}{}% 26
\BOOKMARK [1][-]{section.7}{\376\377\000S\000c\000h\000l\000u\000s\000s\000f\000o\000l\000g\000e\000r\000u\000n\000g}{}% 27
